Build started 2.12.2013 00:34:24.
     1>Project "E:\Data\Programming\Generic Neural Network\ann\build-sys-windows-amd64\CMakeFiles\2.8.10.1\CompilerIdC\CompilerIdC.vcxproj" on node 2 (build target(s)).
     1>InitializeBuildStatus:
         Creating "Debug\CompilerIdC.unsuccessfulbuild" because "AlwaysCreate" was specified.
       ClCompile:
         d:\Program Files (x86)\Microsoft Visual Studio 10.0\VC\bin\CL.exe /c /nologo /W0 /WX- /Od /Oy- /D _MBCS /Gm- /EHsc /RTC1 /MDd /GS /fp:precise /Zc:wchar_t /Zc:forScope /Fo"Debug\\" /Fd"Debug\vc100.pdb" /Gd /TC /analyze- /errorReport:prompt CMakeCCompilerId.c
         CMakeCCompilerId.c
       Link:
         d:\Program Files (x86)\Microsoft Visual Studio 10.0\VC\bin\link.exe /ERRORREPORT:PROMPT /OUT:".\CompilerIdC.exe" /INCREMENTAL:NO /NOLOGO kernel32.lib user32.lib gdi32.lib winspool.lib comdlg32.lib advapi32.lib shell32.lib ole32.lib oleaut32.lib uuid.lib odbc32.lib odbccp32.lib /MANIFEST /ManifestFile:"Debug\CompilerIdC.exe.intermediate.manifest" /MANIFESTUAC:"level='asInvoker' uiAccess='false'" /PDB:"E:\Data\Programming\Generic Neural Network\ann\build-sys-windows-amd64\CMakeFiles\2.8.10.1\CompilerIdC\CompilerIdC.pdb" /SUBSYSTEM:CONSOLE /TLBID:1 /DYNAMICBASE /NXCOMPAT /IMPLIB:".\CompilerIdC.lib" /MACHINE:X86 Debug\CMakeCCompilerId.obj
         CompilerIdC.vcxproj -> E:\Data\Programming\Generic Neural Network\ann\build-sys-windows-amd64\CMakeFiles\2.8.10.1\CompilerIdC\.\CompilerIdC.exe
       Manifest:
         C:\Program Files (x86)\Microsoft SDKs\Windows\v7.0A\bin\mt.exe /nologo /verbose /outputresource:".\CompilerIdC.exe;#1" /manifest Debug\CompilerIdC.exe.intermediate.manifest
       PostBuildEvent:
         for %%i in (cl.exe) do @echo CMAKE_C_COMPILER=%%~$PATH:i
         :VCEnd
         CMAKE_C_COMPILER=d:\Program Files (x86)\Microsoft Visual Studio 10.0\VC\bin\cl.exe
       FinalizeBuildStatus:
         Deleting file "Debug\CompilerIdC.unsuccessfulbuild".
         Touching "Debug\CompilerIdC.lastbuildstate".
     1>Done Building Project "E:\Data\Programming\Generic Neural Network\ann\build-sys-windows-amd64\CMakeFiles\2.8.10.1\CompilerIdC\CompilerIdC.vcxproj" (build target(s)).

Build succeeded.

Time Elapsed 00:00:01.07
