Build started 2.12.2013 05:17:47.
     1>Project "E:\Data\Programming\Generic Neural Network\ann\build-sys-windows-amd64\src\ann_start.vcxproj" on node 3 (build target(s)).
     1>InitializeBuildStatus:
         Touching "ann_start.dir\Debug\ann_start.unsuccessfulbuild".
       CustomBuild:
         All outputs are up-to-date.
       ClCompile:
         d:\Program Files (x86)\Microsoft Visual Studio 10.0\VC\bin\CL.exe /c /I"E:/Data/Programming/Generic Neural Network/ann/src/ann" /Zi /nologo /W3 /WX- /Od /Ob0 /Oy- /D WIN32 /D _WINDOWS /D _DEBUG /D "CMAKE_INTDIR=\"Debug\"" /D _MBCS /Gm- /EHsc /RTC1 /MDd /GS /fp:precise /Zc:wchar_t /Zc:forScope /GR /Fo"ann_start.dir\Debug\\" /Fd"E:/Data/Programming/Generic Neural Network/ann/build-sys-windows-amd64/sdk/bin/ann_start_d.pdb" /Gd /TP /analyze- /errorReport:prompt ..\..\src\main.cpp  /Zm1000 
         main.cpp
       ManifestResourceCompile:
         All outputs are up-to-date.
       Link:
         d:\Program Files (x86)\Microsoft Visual Studio 10.0\VC\bin\link.exe /ERRORREPORT:PROMPT /OUT:"E:\Data\Programming\Generic Neural Network\ann\build-sys-windows-amd64\sdk\bin\ann_start_d.exe" /INCREMENTAL /NOLOGO kernel32.lib user32.lib gdi32.lib winspool.lib shell32.lib ole32.lib oleaut32.lib uuid.lib comdlg32.lib advapi32.lib /MANIFEST /ManifestFile:"ann_start.dir\Debug\ann_start_d.exe.intermediate.manifest" /MANIFESTUAC:"level='asInvoker' uiAccess='false'" /DEBUG /PDB:"E:/Data/Programming/Generic Neural Network/ann/build-sys-windows-amd64/sdk/bin/ann_start_d.pdb" /SUBSYSTEM:CONSOLE /STACK:"10000000" /TLBID:1 /DYNAMICBASE /NXCOMPAT /IMPLIB:"E:/Data/Programming/Generic Neural Network/ann/build-sys-windows-amd64/src/Debug/ann_start_d.lib" /MACHINE:X86 ann_start.dir\Debug\ann_start_d.exe.embed.manifest.res
         ann_start.dir\Debug\main.obj
         ann_start.dir\Debug\auxiliary.obj
         ann_start.dir\Debug\neuralnet.obj
         ann_start.dir\Debug\timer.obj  /machine:X86 /debug 
       Manifest:
         C:\Program Files (x86)\Microsoft SDKs\Windows\v7.0A\bin\mt.exe /nologo /verbose /out:"ann_start.dir\Debug\ann_start_d.exe.embed.manifest" /manifest ann_start.dir\Debug\ann_start_d.exe.intermediate.manifest
         All outputs are up-to-date.
       LinkEmbedManifest:
         All outputs are up-to-date.
         ann_start.vcxproj -> E:\Data\Programming\Generic Neural Network\ann\build-sys-windows-amd64\sdk\bin\ann_start_d.exe
       FinalizeBuildStatus:
         Deleting file "ann_start.dir\Debug\ann_start.unsuccessfulbuild".
         Touching "ann_start.dir\Debug\ann_start.lastbuildstate".
     1>Done Building Project "E:\Data\Programming\Generic Neural Network\ann\build-sys-windows-amd64\src\ann_start.vcxproj" (build target(s)).

Build succeeded.

Time Elapsed 00:00:01.64
